<?xml version="1.0" encoding="UTF-8"?>
<testng-results ignored="0" total="1" passed="1" failed="0" skipped="0">
  <reporter-output>
  </reporter-output>
  <suite started-at="2024-06-12T21:22:29 IST" name="Default suite" finished-at="2024-06-12T21:22:37 IST" duration-ms="8417">
    <groups>
    </groups>
    <test started-at="2024-06-12T21:22:29 IST" name="Default test" finished-at="2024-06-12T21:22:37 IST" duration-ms="8417">
      <class name="seleniumBasics.PerformDifferentBroweserActions">
        <test-method signature="actions()[pri:0, instance:seleniumBasics.PerformDifferentBroweserActions@5be82d43]" started-at="2024-06-12T21:22:29 IST" name="actions" finished-at="2024-06-12T21:22:37 IST" duration-ms="8282" status="PASS">
          <reporter-output>
          </reporter-output>
        </test-method> <!-- actions -->
        <test-method is-config="true" signature="EndtheTest()[pri:0, instance:seleniumBasics.PerformDifferentBroweserActions@5be82d43]" started-at="2024-06-12T21:22:37 IST" name="EndtheTest" finished-at="2024-06-12T21:22:37 IST" duration-ms="4" status="PASS">
          <reporter-output>
          </reporter-output>
        </test-method> <!-- EndtheTest -->
      </class> <!-- seleniumBasics.PerformDifferentBroweserActions -->
    </test> <!-- Default test -->
  </suite> <!-- Default suite -->
</testng-results>
